<?xml version="1.0" encoding="UTF-8"?>
<beans xmlns="http://www.springframework.org/schema/beans"
       xmlns:xsi="http://www.w3.org/2001/XMLSchema-instance" xmlns:jdbc="http://www.springframework.org/schema/jdbc"
       xsi:schemaLocation="http://www.springframework.org/schema/beans
       http://www.springframework.org/schema/beans/spring-beans.xsd
       http://www.springframework.org/schema/jdbc
       http://www.springframework.org/schema/jdbc/spring-jdbc.xsd">


    <bean id="dataSource" class="org.springframework.jdbc.datasource.DriverManagerDataSource">
        <property name="driverClassName" value="org.h2.Driver"/>
        <property name="url" value="jdbc:h2:mem:test_db;MODE=MySQL;DB_CLOSE_DELAY=-1"/>
        <property name="username" value="sa"/>
        <property name="password" value=""/>
    </bean>


    <bean id="tagDao" class="com.epam.esm.dao.TagDaoJdbc">
        <constructor-arg ref="dataSource"/>
    </bean>

    <bean id="giftCertificateDao" class="com.epam.esm.dao.GiftCertificateDaoJdbc">
        <constructor-arg ref="dataSource"/>
    </bean>

    <bean id="jdbcTemplate" class="org.springframework.jdbc.core.namedparam.NamedParameterJdbcTemplate">
        <constructor-arg ref="dataSource"/>
    </bean>

    <jdbc:initialize-database>
        <jdbc:script location="classpath*:schema.sql"/>
        <jdbc:script location="classpath*:create_table.sql"/>
        <jdbc:script location="classpath*:data_script.sql"/>
    </jdbc:initialize-database>

</beans>